Arguments: 
  C:\Program Files\nodejs\node.exe C:\Program Files (x86)\Yarn\bin\yarn.js install

PATH: 
  C:\ProgramData\Oracle\Java\javapath;C:\WINDOWS\system32;C:\WINDOWS;C:\WINDOWS\System32\Wbem;C:\WINDOWS\System32\WindowsPowerShell\v1.0\;C:\Program Files\Perforce;C:\Program Files\Perforce\DVCS\;C:\wamp\bin\php\php5.6.15;C:\ProgramData\ComposerSetup\bin;C:\Program Files\Git\cmd;C:\ProgramData\chocolatey\bin;C:\Program Files (x86)\OpenSSH\bin;C:\Program Files\Java\jdk1.8.0_77\bin;C:\Program Files\Microsoft SQL Server\130\Tools\Binn\;C:\Program Files (x86)\Yarn\bin;C:\Program Files\Java\jdk1.8.0_112\bin;C:\Program Files\Amazon\AWSCLI\;C:\Program Files\nodejs\;C:\WINDOWS\system32;C:\WINDOWS;C:\WINDOWS\System32\Wbem;C:\WINDOWS\System32\WindowsPowerShell\v1.0\;C:\Program Files (x86)\Sennheiser\SoftphoneSDK\;C:\Users\praghav\AppData\Roaming\Composer\vendor\bin;C:\tools\dart-sdk\bin;C:\Users\praghav\AppData\Roaming\Pub\Cache\bin;C:\Users\praghav\AppData\Local\Yarn\.bin;C:\Users\praghav\AppData\Local\Android\android-sdk\tools;C:\Users\praghav\AppData\Local\Android\android-sdk\platform-tools;C:\Users\praghav\AppData\Roaming\npm;C:\Users\praghav\AppData\Local\Microsoft\WindowsApps

Yarn version: 
  0.16.1

Node version: 
  7.9.0

Platform: 
  win32 x64

npm manifest: 
  {
    "name": "dnc-sharebuttons",
    "version": "4.4.4",
    "description": "Simple, lightweight, customizable share buttons for Angular",
    "main": "./dist/bundles/dnc-sharebuttons.umd.js",
    "files": [
      "dist"
    ],
    "module": "./dist/index.js",
    "typings": "./dist/index.d.ts",
    "scripts": {
      "start": "gulp build",
      "test": " gulp test"
    },
    "devDependencies": {
      "@angular/animations": "^4.4.4",
      "@angular/common": "^4.4.4",
      "@angular/compiler": "^4.4.4",
      "@angular/compiler-cli": "^4.4.4",
      "@angular/core": "^4.4.4",
      "@angular/http": "^4.4.4",
      "@angular/platform-browser": "^4.4.4",
      "@angular/platform-browser-dynamic": "^4.4.4",
      "@angular/platform-server": "^4.4.4",
      "@angular/router": "^4.4.4",
      "@types/jasmine": "^2.6.0",
      "@types/node": "^8.0.34",
      "angular2-template-loader": "^0.6.2",
      "autoprefixer": "^7.1.5",
      "awesome-typescript-loader": "^3.2.3",
      "codelyzer": "^3.2.1",
      "core-js": "^2.5.1",
      "css-loader": "^0.28.7",
      "cssnano": "^3.10.0",
      "del": "^3.0.0",
      "gulp": "^3.9.1",
      "gulp-better-rollup": "^1.1.1",
      "gulp-coveralls": "^0.1.4",
      "gulp-file": "^0.3.0",
      "gulp-inline-ng2-template": "^4.0.0",
      "gulp-tslint": "^8.1.2",
      "gulp-util": "^3.0.8",
      "html-loader": "^0.5.1",
      "istanbul-instrumenter-loader": "1.2.0",
      "jasmine-core": "^2.5.2",
      "karma": "^1.2.0",
      "karma-chrome-launcher": "^2.0.0",
      "karma-coverage": "^1.1.1",
      "karma-jasmine": "^1.1.0",
      "karma-mocha-reporter": "^2.2.4",
      "karma-remap-coverage": "^0.1.4",
      "karma-sourcemap-loader": "^0.3.7",
      "karma-webpack": "^2.0.5",
      "node-sass": "~4.5.3",
      "null-loader": "~0.1.1",
      "postcss": "~6.0.13",
      "postcss-scss": "~1.0.2",
      "postcss-strip-inline-comments": "~0.1.5",
      "pump": "^1.0.2",
      "raw-loader": "^0.5.1",
      "rollup-plugin-node-resolve": "^3.0.0",
      "rollup-plugin-uglify": "^2.0.1",
      "run-sequence": "^2.2.0",
      "rxjs": "^5.4.3",
      "sass-loader": "^6.0.6",
      "source-map-loader": "^0.2.2",
      "to-string-loader": "^1.1.5",
      "tslint": "^5.7.0",
      "typescript": "^2.5.3",
      "webpack": "^3.7.1",
      "webpack-dev-middleware": "^1.10.2",
      "webpack-dev-server": "~2.4.2",
      "zone.js": "^0.8.18"
    }
  }

yarn manifest: 
  No manifest

bower manifest: 
  No manifest

Lockfile: 
  No lockfile

Trace: 
  Error: ENOENT: no such file or directory, open 'c:\Angular2\dnc-sharebuttons\node_modules\@types\jasmine\LICENSE'
